# JRE version: Java(TM) SE Runtime Environment (8.0_102-b14) (build 1.8.0_102-b14)
# Java VM: Java HotSpot(TM) 64-Bit Server VM (25.102-b14 mixed mode windows-amd64 compressed oops)
Heap:
 PSYoungGen      total 61952K, used 11567K [0x000000076b500000, 0x000000076fd80000, 0x00000007c0000000)
  eden space 61440K, 17% used [0x000000076b500000,0x000000076bfcbd80,0x000000076f100000)
  from space 512K, 100% used [0x000000076f980000,0x000000076fa00000,0x000000076fa00000)
  to   space 3072K, 0% used [0x000000076fa80000,0x000000076fa80000,0x000000076fd80000)
 ParOldGen       total 175104K, used 1873K [0x00000006c1e00000, 0x00000006cc900000, 0x000000076b500000)
  object space 175104K, 1% used [0x00000006c1e00000,0x00000006c1fd45b0,0x00000006cc900000)
 Metaspace       used 8092K, capacity 8257K, committed 8576K, reserved 1056768K
  class space    used 763K, capacity 825K, committed 896K, reserved 1048576K
GC Heap History (10 events):
Event: 23.218 GC heap before
{Heap before GC invocations=3 (full 0):
 PSYoungGen      total 76288K, used 67808K [0x000000076b500000, 0x0000000770a00000, 0x00000007c0000000)
  eden space 65536K, 100% used [0x000000076b500000,0x000000076f500000,0x000000076f500000)
  from space 10752K, 21% used [0x000000076ff80000,0x00000007701b8000,0x0000000770a00000)
  to   space 10752K, 0% used [0x000000076f500000,0x000000076f500000,0x000000076ff80000)
 ParOldGen       total 175104K, used 32K [0x00000006c1e00000, 0x00000006cc900000, 0x000000076b500000)
  object space 175104K, 0% used [0x00000006c1e00000,0x00000006c1e08000,0x00000006cc900000)
 Metaspace       used 8086K, capacity 8257K, committed 8576K, reserved 1056768K
  class space    used 763K, capacity 825K, committed 896K, reserved 1048576K
Event: 23.221 GC heap after
Heap after GC invocations=3 (full 0):
 PSYoungGen      total 76288K, used 2288K [0x000000076b500000, 0x0000000770a00000, 0x00000007c0000000)
  eden space 65536K, 0% used [0x000000076b500000,0x000000076b500000,0x000000076f500000)
  from space 10752K, 21% used [0x000000076f500000,0x000000076f73c010,0x000000076ff80000)
  to   space 10752K, 0% used [0x000000076ff80000,0x000000076ff80000,0x0000000770a00000)
 ParOldGen       total 175104K, used 40K [0x00000006c1e00000, 0x00000006cc900000, 0x000000076b500000)
  object space 175104K, 0% used [0x00000006c1e00000,0x00000006c1e0a000,0x00000006cc900000)
 Metaspace       used 8086K, capacity 8257K, committed 8576K, reserved 1056768K
  class space    used 763K, capacity 825K, committed 896K, reserved 1048576K
}
Event: 32.275 GC heap before
{Heap before GC invocations=4 (full 0):
 PSYoungGen      total 76288K, used 67824K [0x000000076b500000, 0x0000000770a00000, 0x00000007c0000000)
  eden space 65536K, 100% used [0x000000076b500000,0x000000076f500000,0x000000076f500000)
  from space 10752K, 21% used [0x000000076f500000,0x000000076f73c010,0x000000076ff80000)
  to   space 10752K, 0% used [0x000000076ff80000,0x000000076ff80000,0x0000000770a00000)
 ParOldGen       total 175104K, used 40K [0x00000006c1e00000, 0x00000006cc900000, 0x000000076b500000)
  object space 175104K, 0% used [0x00000006c1e00000,0x00000006c1e0a000,0x00000006cc900000)
 Metaspace       used 8086K, capacity 8257K, committed 8576K, reserved 1056768K
  class space    used 763K, capacity 825K, committed 896K, reserved 1048576K
Event: 32.278 GC heap after
Heap after GC invocations=4 (full 0):
 PSYoungGen      total 76288K, used 2224K [0x000000076b500000, 0x0000000770a00000, 0x00000007c0000000)
  eden space 65536K, 0% used [0x000000076b500000,0x000000076b500000,0x000000076f500000)
  from space 10752K, 20% used [0x000000076ff80000,0x00000007701ac010,0x0000000770a00000)
  to   space 10752K, 0% used [0x000000076f500000,0x000000076f500000,0x000000076ff80000)
 ParOldGen       total 175104K, used 48K [0x00000006c1e00000, 0x00000006cc900000, 0x000000076b500000)
  object space 175104K, 0% used [0x00000006c1e00000,0x00000006c1e0c000,0x00000006cc900000)
 Metaspace       used 8086K, capacity 8257K, committed 8576K, reserved 1056768K
  class space    used 763K, capacity 825K, committed 896K, reserved 1048576K
}
Event: 44.112 GC heap before
{Heap before GC invocations=5 (full 0):
 PSYoungGen      total 76288K, used 67760K [0x000000076b500000, 0x0000000770a00000, 0x00000007c0000000)
  eden space 65536K, 100% used [0x000000076b500000,0x000000076f500000,0x000000076f500000)
  from space 10752K, 20% used [0x000000076ff80000,0x00000007701ac010,0x0000000770a00000)
  to   space 10752K, 0% used [0x000000076f500000,0x000000076f500000,0x000000076ff80000)
 ParOldGen       total 175104K, used 48K [0x00000006c1e00000, 0x00000006cc900000, 0x000000076b500000)
  object space 175104K, 0% used [0x00000006c1e00000,0x00000006c1e0c000,0x00000006cc900000)
 Metaspace       used 8091K, capacity 8257K, committed 8576K, reserved 1056768K
  class space    used 763K, capacity 825K, committed 896K, reserved 1048576K
Event: 44.119 GC heap after
Heap after GC invocations=5 (full 0):
 PSYoungGen      total 66560K, used 2288K [0x000000076b500000, 0x0000000770000000, 0x00000007c0000000)
  eden space 64000K, 0% used [0x000000076b500000,0x000000076b500000,0x000000076f380000)
  from space 2560K, 89% used [0x000000076f500000,0x000000076f73c010,0x000000076f780000)
  to   space 3072K, 0% used [0x000000076fd00000,0x000000076fd00000,0x0000000770000000)
 ParOldGen       total 175104K, used 56K [0x00000006c1e00000, 0x00000006cc900000, 0x000000076b500000)
  object space 175104K, 0% used [0x00000006c1e00000,0x00000006c1e0e000,0x00000006cc900000)
 Metaspace       used 8091K, capacity 8257K, committed 8576K, reserved 1056768K
  class space    used 763K, capacity 825K, committed 896K, reserved 1048576K
}
Event: 54.529 GC heap before
{Heap before GC invocations=6 (full 0):
 PSYoungGen      total 66560K, used 66288K [0x000000076b500000, 0x0000000770000000, 0x00000007c0000000)
  eden space 64000K, 100% used [0x000000076b500000,0x000000076f380000,0x000000076f380000)
  from space 2560K, 89% used [0x000000076f500000,0x000000076f73c010,0x000000076f780000)
  to   space 3072K, 0% used [0x000000076fd00000,0x000000076fd00000,0x0000000770000000)
 ParOldGen       total 175104K, used 56K [0x00000006c1e00000, 0x00000006cc900000, 0x000000076b500000)
  object space 175104K, 0% used [0x00000006c1e00000,0x00000006c1e0e000,0x00000006cc900000)
 Metaspace       used 8091K, capacity 8257K, committed 8576K, reserved 1056768K
  class space    used 763K, capacity 825K, committed 896K, reserved 1048576K
Event: 54.532 GC heap after
Heap after GC invocations=6 (full 0):
 PSYoungGen      total 65024K, used 2288K [0x000000076b500000, 0x000000076ff80000, 0x00000007c0000000)
  eden space 62464K, 0% used [0x000000076b500000,0x000000076b500000,0x000000076f200000)
  from space 2560K, 89% used [0x000000076fd00000,0x000000076ff3c010,0x000000076ff80000)
  to   space 3072K, 0% used [0x000000076f980000,0x000000076f980000,0x000000076fc80000)
 ParOldGen       total 175104K, used 64K [0x00000006c1e00000, 0x00000006cc900000, 0x000000076b500000)
  object space 175104K, 0% used [0x00000006c1e00000,0x00000006c1e10000,0x00000006cc900000)
 Metaspace       used 8091K, capacity 8257K, committed 8576K, reserved 1056768K
  class space    used 763K, capacity 825K, committed 896K, reserved 1048576K
}
Event: 64.127 GC heap before
{Heap before GC invocations=7 (full 0):
 PSYoungGen      total 65024K, used 64752K [0x000000076b500000, 0x000000076ff80000, 0x00000007c0000000)
  eden space 62464K, 100% used [0x000000076b500000,0x000000076f200000,0x000000076f200000)
  from space 2560K, 89% used [0x000000076fd00000,0x000000076ff3c010,0x000000076ff80000)
  to   space 3072K, 0% used [0x000000076f980000,0x000000076f980000,0x000000076fc80000)
 ParOldGen       total 175104K, used 64K [0x00000006c1e00000, 0x00000006cc900000, 0x000000076b500000)
  object space 175104K, 0% used [0x00000006c1e00000,0x00000006c1e10000,0x00000006cc900000)
 Metaspace       used 8091K, capacity 8257K, committed 8576K, reserved 1056768K
  class space    used 763K, capacity 825K, committed 896K, reserved 1048576K
Event: 64.131 GC heap after
Heap after GC invocations=7 (full 0):
 PSYoungGen      total 61952K, used 512K [0x000000076b500000, 0x000000076fd80000, 0x00000007c0000000)
  eden space 61440K, 0% used [0x000000076b500000,0x000000076b500000,0x000000076f100000)
  from space 512K, 100% used [0x000000076f980000,0x000000076fa00000,0x000000076fa00000)
  to   space 3072K, 0% used [0x000000076fa80000,0x000000076fa80000,0x000000076fd80000)
 ParOldGen       total 175104K, used 1873K [0x00000006c1e00000, 0x00000006cc900000, 0x000000076b500000)
  object space 175104K, 1% used [0x00000006c1e00000,0x00000006c1fd45b0,0x00000006cc900000)
 Metaspace       used 8091K, capacity 8257K, committed 8576K, reserved 1056768K
  class space    used 763K, capacity 825K, committed 896K, reserved 1048576K
}

