# JRE version: Java(TM) SE Runtime Environment (8.0_102-b14) (build 1.8.0_102-b14)
# Java VM: Java HotSpot(TM) 64-Bit Server VM (25.102-b14 mixed mode windows-amd64 compressed oops)
Heap:
 PSYoungGen      total 65024K, used 39827K [0x000000076b500000, 0x000000076ff80000, 0x00000007c0000000)
  eden space 62464K, 60% used [0x000000076b500000,0x000000076d99cd18,0x000000076f200000)
  from space 2560K, 91% used [0x000000076fd00000,0x000000076ff48000,0x000000076ff80000)
  to   space 3072K, 0% used [0x000000076f980000,0x000000076f980000,0x000000076fc80000)
 ParOldGen       total 175104K, used 64K [0x00000006c1e00000, 0x00000006cc900000, 0x000000076b500000)
  object space 175104K, 0% used [0x00000006c1e00000,0x00000006c1e10000,0x00000006cc900000)
 Metaspace       used 8201K, capacity 8391K, committed 8576K, reserved 1056768K
  class space    used 771K, capacity 826K, committed 896K, reserved 1048576K
GC Heap History (10 events):
Event: 10.440 GC heap before
{Heap before GC invocations=2 (full 0):
 PSYoungGen      total 76288K, used 68245K [0x000000076b500000, 0x0000000770a00000, 0x00000007c0000000)
  eden space 65536K, 100% used [0x000000076b500000,0x000000076f500000,0x000000076f500000)
  from space 10752K, 25% used [0x000000076f500000,0x000000076f7a5450,0x000000076ff80000)
  to   space 10752K, 0% used [0x000000076ff80000,0x000000076ff80000,0x0000000770a00000)
 ParOldGen       total 175104K, used 24K [0x00000006c1e00000, 0x00000006cc900000, 0x000000076b500000)
  object space 175104K, 0% used [0x00000006c1e00000,0x00000006c1e06000,0x00000006cc900000)
 Metaspace       used 8096K, capacity 8193K, committed 8320K, reserved 1056768K
  class space    used 762K, capacity 825K, committed 896K, reserved 1048576K
Event: 10.443 GC heap after
Heap after GC invocations=2 (full 0):
 PSYoungGen      total 76288K, used 2240K [0x000000076b500000, 0x0000000770a00000, 0x00000007c0000000)
  eden space 65536K, 0% used [0x000000076b500000,0x000000076b500000,0x000000076f500000)
  from space 10752K, 20% used [0x000000076ff80000,0x00000007701b0000,0x0000000770a00000)
  to   space 10752K, 0% used [0x000000076f500000,0x000000076f500000,0x000000076ff80000)
 ParOldGen       total 175104K, used 32K [0x00000006c1e00000, 0x00000006cc900000, 0x000000076b500000)
  object space 175104K, 0% used [0x00000006c1e00000,0x00000006c1e08000,0x00000006cc900000)
 Metaspace       used 8096K, capacity 8193K, committed 8320K, reserved 1056768K
  class space    used 762K, capacity 825K, committed 896K, reserved 1048576K
}
Event: 17.801 GC heap before
{Heap before GC invocations=3 (full 0):
 PSYoungGen      total 76288K, used 67776K [0x000000076b500000, 0x0000000770a00000, 0x00000007c0000000)
  eden space 65536K, 100% used [0x000000076b500000,0x000000076f500000,0x000000076f500000)
  from space 10752K, 20% used [0x000000076ff80000,0x00000007701b0000,0x0000000770a00000)
  to   space 10752K, 0% used [0x000000076f500000,0x000000076f500000,0x000000076ff80000)
 ParOldGen       total 175104K, used 32K [0x00000006c1e00000, 0x00000006cc900000, 0x000000076b500000)
  object space 175104K, 0% used [0x00000006c1e00000,0x00000006c1e08000,0x00000006cc900000)
 Metaspace       used 8118K, capacity 8257K, committed 8576K, reserved 1056768K
  class space    used 763K, capacity 825K, committed 896K, reserved 1048576K
Event: 17.804 GC heap after
Heap after GC invocations=3 (full 0):
 PSYoungGen      total 76288K, used 2288K [0x000000076b500000, 0x0000000770a00000, 0x00000007c0000000)
  eden space 65536K, 0% used [0x000000076b500000,0x000000076b500000,0x000000076f500000)
  from space 10752K, 21% used [0x000000076f500000,0x000000076f73c010,0x000000076ff80000)
  to   space 10752K, 0% used [0x000000076ff80000,0x000000076ff80000,0x0000000770a00000)
 ParOldGen       total 175104K, used 40K [0x00000006c1e00000, 0x00000006cc900000, 0x000000076b500000)
  object space 175104K, 0% used [0x00000006c1e00000,0x00000006c1e0a000,0x00000006cc900000)
 Metaspace       used 8118K, capacity 8257K, committed 8576K, reserved 1056768K
  class space    used 763K, capacity 825K, committed 896K, reserved 1048576K
}
Event: 24.877 GC heap before
{Heap before GC invocations=4 (full 0):
 PSYoungGen      total 76288K, used 67824K [0x000000076b500000, 0x0000000770a00000, 0x00000007c0000000)
  eden space 65536K, 100% used [0x000000076b500000,0x000000076f500000,0x000000076f500000)
  from space 10752K, 21% used [0x000000076f500000,0x000000076f73c010,0x000000076ff80000)
  to   space 10752K, 0% used [0x000000076ff80000,0x000000076ff80000,0x0000000770a00000)
 ParOldGen       total 175104K, used 40K [0x00000006c1e00000, 0x00000006cc900000, 0x000000076b500000)
  object space 175104K, 0% used [0x00000006c1e00000,0x00000006c1e0a000,0x00000006cc900000)
 Metaspace       used 8121K, capacity 8321K, committed 8576K, reserved 1056768K
  class space    used 763K, capacity 825K, committed 896K, reserved 1048576K
Event: 24.880 GC heap after
Heap after GC invocations=4 (full 0):
 PSYoungGen      total 76288K, used 2208K [0x000000076b500000, 0x0000000770a00000, 0x00000007c0000000)
  eden space 65536K, 0% used [0x000000076b500000,0x000000076b500000,0x000000076f500000)
  from space 10752K, 20% used [0x000000076ff80000,0x00000007701a8020,0x0000000770a00000)
  to   space 10752K, 0% used [0x000000076f500000,0x000000076f500000,0x000000076ff80000)
 ParOldGen       total 175104K, used 48K [0x00000006c1e00000, 0x00000006cc900000, 0x000000076b500000)
  object space 175104K, 0% used [0x00000006c1e00000,0x00000006c1e0c000,0x00000006cc900000)
 Metaspace       used 8121K, capacity 8321K, committed 8576K, reserved 1056768K
  class space    used 763K, capacity 825K, committed 896K, reserved 1048576K
}
Event: 32.009 GC heap before
{Heap before GC invocations=5 (full 0):
 PSYoungGen      total 76288K, used 67744K [0x000000076b500000, 0x0000000770a00000, 0x00000007c0000000)
  eden space 65536K, 100% used [0x000000076b500000,0x000000076f500000,0x000000076f500000)
  from space 10752K, 20% used [0x000000076ff80000,0x00000007701a8020,0x0000000770a00000)
  to   space 10752K, 0% used [0x000000076f500000,0x000000076f500000,0x000000076ff80000)
 ParOldGen       total 175104K, used 48K [0x00000006c1e00000, 0x00000006cc900000, 0x000000076b500000)
  object space 175104K, 0% used [0x00000006c1e00000,0x00000006c1e0c000,0x00000006cc900000)
 Metaspace       used 8121K, capacity 8321K, committed 8576K, reserved 1056768K
  class space    used 763K, capacity 825K, committed 896K, reserved 1048576K
Event: 32.012 GC heap after
Heap after GC invocations=5 (full 0):
 PSYoungGen      total 66560K, used 2288K [0x000000076b500000, 0x0000000770000000, 0x00000007c0000000)
  eden space 64000K, 0% used [0x000000076b500000,0x000000076b500000,0x000000076f380000)
  from space 2560K, 89% used [0x000000076f500000,0x000000076f73c010,0x000000076f780000)
  to   space 3072K, 0% used [0x000000076fd00000,0x000000076fd00000,0x0000000770000000)
 ParOldGen       total 175104K, used 56K [0x00000006c1e00000, 0x00000006cc900000, 0x000000076b500000)
  object space 175104K, 0% used [0x00000006c1e00000,0x00000006c1e0e000,0x00000006cc900000)
 Metaspace       used 8121K, capacity 8321K, committed 8576K, reserved 1056768K
  class space    used 763K, capacity 825K, committed 896K, reserved 1048576K
}
Event: 39.230 GC heap before
{Heap before GC invocations=6 (full 0):
 PSYoungGen      total 66560K, used 66288K [0x000000076b500000, 0x0000000770000000, 0x00000007c0000000)
  eden space 64000K, 100% used [0x000000076b500000,0x000000076f380000,0x000000076f380000)
  from space 2560K, 89% used [0x000000076f500000,0x000000076f73c010,0x000000076f780000)
  to   space 3072K, 0% used [0x000000076fd00000,0x000000076fd00000,0x0000000770000000)
 ParOldGen       total 175104K, used 56K [0x00000006c1e00000, 0x00000006cc900000, 0x000000076b500000)
  object space 175104K, 0% used [0x00000006c1e00000,0x00000006c1e0e000,0x00000006cc900000)
 Metaspace       used 8122K, capacity 8321K, committed 8576K, reserved 1056768K
  class space    used 763K, capacity 825K, committed 896K, reserved 1048576K
Event: 39.233 GC heap after
Heap after GC invocations=6 (full 0):
 PSYoungGen      total 65024K, used 2336K [0x000000076b500000, 0x000000076ff80000, 0x00000007c0000000)
  eden space 62464K, 0% used [0x000000076b500000,0x000000076b500000,0x000000076f200000)
  from space 2560K, 91% used [0x000000076fd00000,0x000000076ff48000,0x000000076ff80000)
  to   space 3072K, 0% used [0x000000076f980000,0x000000076f980000,0x000000076fc80000)
 ParOldGen       total 175104K, used 64K [0x00000006c1e00000, 0x00000006cc900000, 0x000000076b500000)
  object space 175104K, 0% used [0x00000006c1e00000,0x00000006c1e10000,0x00000006cc900000)
 Metaspace       used 8122K, capacity 8321K, committed 8576K, reserved 1056768K
  class space    used 763K, capacity 825K, committed 896K, reserved 1048576K
}

